
SQL*Loader: Release 12.2.0.1.0 - Production on Sun Dec 29 16:56:49 2019

Copyright (c) 1982, 2017, Oracle and/or its affiliates.  All rights reserved.

Control File:   control_f_commande.ctl
Data File:      ../data/COMMANDE.csv
  Bad File:     COMMANDE.bad
  Discard File:  none specified
 
 (Allow all discards)

Number to load: ALL
Number to skip: 0
Errors allowed: 50
Bind array:     64 rows, maximum of 256000 bytes
Continuation:    none specified
Path used:      Conventional

Table F_COMMANDE, loaded from every logical record.
Insert option in effect for this table: INSERT

   Column Name                  Position   Len  Term Encl Datatype
------------------------------ ---------- ----- ---- ---- ---------------------
NUMCOM                              FIRST     *   ;  O(") CHARACTER            
NUMFOU                               NEXT     *   ;  O(") CHARACTER            
OBSCOM                               NEXT     *   ;  O(") CHARACTER            
DATECOM                              NEXT     *   ;  O(") CHARACTER            

Record 1: Rejected - Error on table F_COMMANDE, column NUMCOM.
ORA-01722: invalid number


Table F_COMMANDE:
  10 Rows successfully loaded.
  1 Row not loaded due to data errors.
  0 Rows not loaded because all WHEN clauses were failed.
  0 Rows not loaded because all fields were null.


Space allocated for bind array:                  66048 bytes(64 rows)
Read   buffer bytes: 1048576

Total logical records skipped:          0
Total logical records read:            11
Total logical records rejected:         1
Total logical records discarded:        0

Run began on Sun Dec 29 16:56:49 2019
Run ended on Sun Dec 29 16:56:49 2019

Elapsed time was:     00:00:00.09
CPU time was:         00:00:00.02
